from datetime import datetime
from airflow import DAG
from airflow.operators.python import PythonOperator

def print_hello():
    print("Hello from Airflow!")

default_args = {
    'owner': 'airflow',
    'depends_on_past': False,
    'start_date': datetime(2025, 1, 1),
    'retries': 0
}

with DAG(
    dag_id='test_dag',
    default_args=default_args,
    description='A simple test DAG',
    schedule=None,  # Run manually
    catchup=False
) as dag:

    task1 = PythonOperator(
        task_id='say_hello',
        python_callable=print_hello
    )

    task1
